#
# A fatal error has been detected by the Java Runtime Environment:
#
#  EXCEPTION_ACCESS_VIOLATION (0xc0000005) at pc=0x5c7f9e03, pid=20560, tid=0x000054a0
#
# JRE version: Java(TM) SE Runtime Environment (8.0_102-b14) (build 1.8.0_102-b14)
# Java VM: Java HotSpot(TM) Client VM (25.102-b14 mixed mode windows-x86 )
# Problematic frame:
# V  [jvm.dll+0x159e03]
#
# Failed to write core dump. Minidumps are not enabled by default on client versions of Windows
#
# If you would like to submit a bug report, please visit:
#   http://bugreport.java.com/bugreport/crash.jsp
#

---------------  T H R E A D  ---------------

Current thread (0x451e8400):  JavaThread "pool-2-thread-2" [_thread_in_vm, id=21664, stack(0x45990000,0x459e0000)]

siginfo: ExceptionCode=0xc0000005, writing address 0x459dafa0

Registers:
EAX=0x00004000, EBX=0x459df1d8, ECX=0x459dafa0, EDX=0x451df560
ESP=0x459defac, EBP=0x459df018, ESI=0x00000005, EDI=0x459defa0
EIP=0x5c7f9e03, EFLAGS=0x00010206

Top of Stack: (sp=0x459defac)
0x459defac:   451e8e0c 451e8400 5c7fa693 00000000
0x459defbc:   451e8400 459df100 00000001 451e8400
0x459defcc:   5c723ce5 451e8400 451df560 44c1f108
0x459defdc:   459df038 5c72464e 44c21b28 44c7b498
0x459defec:   44c1f108 451e8400 44c1f108 451e8400
0x459deffc:   451df560 44c1f108 451e8400 0000000a
0x459df00c:   459df100 451e8e0c 0287ad50 459df060
0x459df01c:   5c8c04fe 459df1d0 459df08c 459df100 

Instructions: (pc=0x5c7f9e03)
0x5c7f9de3:   09 68 0c 00 be 01 00 00 00 8b f8 39 35 b4 98 9f
0x5c7f9df3:   5c 7c 1b e8 25 41 06 00 0f af c6 8b cf 2b c8 46
0x5c7f9e03:   c7 01 00 00 00 00 3b 35 b4 98 9f 5c 7e e5 5f 5e
0x5c7f9e13:   c3 cc cc cc cc cc cc cc cc cc cc cc cc 8b 01 8b 


Register to memory mapping:

EAX=0x00004000 is an unknown value
EBX=0x459df1d8 is pointing into the stack for thread: 0x451e8400
ECX=0x459dafa0 is pointing into the stack for thread: 0x451e8400
EDX=0x451df560 is an unknown value
ESP=0x459defac is pointing into the stack for thread: 0x451e8400
EBP=0x459df018 is pointing into the stack for thread: 0x451e8400
ESI=0x00000005 is an unknown value
EDI=0x459defa0 is pointing into the stack for thread: 0x451e8400


Stack: [0x45990000,0x459e0000],  sp=0x459defac,  free space=315k
Native frames: (J=compiled Java code, j=interpreted, Vv=VM code, C=native code)
V  [jvm.dll+0x159e03]
V  [jvm.dll+0x2204fe]
V  [jvm.dll+0x15a77e]
V  [jvm.dll+0x15a906]
V  [jvm.dll+0x15a9ef]
V  [jvm.dll+0x506c5]
V  [jvm.dll+0x50b7a]
V  [jvm.dll+0x51dc0]
V  [jvm.dll+0x51e0a]
V  [jvm.dll+0xac968]
V  [jvm.dll+0x80832]
V  [jvm.dll+0x80a17]
j  com.android.dx.dex.cf.CfTranslator.translate0(Lcom/android/dx/cf/direct/DirectClassFile;[BLcom/android/dx/dex/cf/CfOptions;Lcom/android/dx/dex/DexOptions;Lcom/android/dx/dex/file/DexFile;)Lcom/android/dx/dex/file/ClassDefItem;+44
j  com.android.dx.dex.cf.CfTranslator.translate(Lcom/android/dx/cf/direct/DirectClassFile;[BLcom/android/dx/dex/cf/CfOptions;Lcom/android/dx/dex/DexOptions;Lcom/android/dx/dex/file/DexFile;)Lcom/android/dx/dex/file/ClassDefItem;+6
j  com.android.dx.command.dexer.Main.translateClass([BLcom/android/dx/cf/direct/DirectClassFile;)Lcom/android/dx/dex/file/ClassDefItem;+17
j  com.android.dx.command.dexer.Main.access$2700([BLcom/android/dx/cf/direct/DirectClassFile;)Lcom/android/dx/dex/file/ClassDefItem;+2
j  com.android.dx.command.dexer.Main$ClassTranslatorTask.call()Lcom/android/dx/dex/file/ClassDefItem;+8
j  com.android.dx.command.dexer.Main$ClassTranslatorTask.call()Ljava/lang/Object;+1
j  java.util.concurrent.FutureTask.run()V+42
j  java.util.concurrent.ThreadPoolExecutor.runWorker(Ljava/util/concurrent/ThreadPoolExecutor$Worker;)V+95
j  java.util.concurrent.ThreadPoolExecutor$Worker.run()V+5
j  java.lang.Thread.run()V+11
v  ~StubRoutines::call_stub
V  [jvm.dll+0x15a6e5]
V  [jvm.dll+0x2204fe]
V  [jvm.dll+0x15a77e]
V  [jvm.dll+0x15a906]
V  [jvm.dll+0x15a977]
V  [jvm.dll+0xfed1f]
V  [jvm.dll+0x17d210]
V  [jvm.dll+0x17da8a]
V  [jvm.dll+0x1c2506]
C  [msvcr100.dll+0x5c556]
C  [msvcr100.dll+0x5c600]
C  [kernel32.dll+0x1338a]
C  [ntdll.dll+0x39a02]
C  [ntdll.dll+0x399d5]
C  0x00000000

Java frames: (J=compiled Java code, j=interpreted, Vv=VM code)
j  com.android.dx.dex.cf.CfTranslator.translate0(Lcom/android/dx/cf/direct/DirectClassFile;[BLcom/android/dx/dex/cf/CfOptions;Lcom/android/dx/dex/DexOptions;Lcom/android/dx/dex/file/DexFile;)Lcom/android/dx/dex/file/ClassDefItem;+44
j  com.android.dx.dex.cf.CfTranslator.translate(Lcom/android/dx/cf/direct/DirectClassFile;[BLcom/android/dx/dex/cf/CfOptions;Lcom/android/dx/dex/DexOptions;Lcom/android/dx/dex/file/DexFile;)Lcom/android/dx/dex/file/ClassDefItem;+6
j  com.android.dx.command.dexer.Main.translateClass([BLcom/android/dx/cf/direct/DirectClassFile;)Lcom/android/dx/dex/file/ClassDefItem;+17
j  com.android.dx.command.dexer.Main.access$2700([BLcom/android/dx/cf/direct/DirectClassFile;)Lcom/android/dx/dex/file/ClassDefItem;+2
j  com.android.dx.command.dexer.Main$ClassTranslatorTask.call()Lcom/android/dx/dex/file/ClassDefItem;+8
j  com.android.dx.command.dexer.Main$ClassTranslatorTask.call()Ljava/lang/Object;+1
j  java.util.concurrent.FutureTask.run()V+42
j  java.util.concurrent.ThreadPoolExecutor.runWorker(Ljava/util/concurrent/ThreadPoolExecutor$Worker;)V+95
j  java.util.concurrent.ThreadPoolExecutor$Worker.run()V+5
j  java.lang.Thread.run()V+11
v  ~StubRoutines::call_stub

---------------  P R O C E S S  ---------------

Java Threads: ( => current thread )
  0x451e7800 JavaThread "pool-2-thread-4" [_thread_in_vm, id=22472, stack(0x45760000,0x457b0000)]
  0x451e4800 JavaThread "pool-2-thread-3" [_thread_in_vm, id=21596, stack(0x45bb0000,0x45c00000)]
=>0x451e8400 JavaThread "pool-2-thread-2" [_thread_in_vm, id=21664, stack(0x45990000,0x459e0000)]
  0x451de000 JavaThread "pool-3-thread-1" [_thread_new, id=21532, stack(0x00000000,0x00000000)]
  0x451dec00 JavaThread "pool-2-thread-1" [_thread_in_vm, id=21776, stack(0x45800000,0x45850000)]
  0x45108400 JavaThread "Service Thread" daemon [_thread_blocked, id=21684, stack(0x45700000,0x45750000)]
  0x450d9400 JavaThread "C1 CompilerThread0" daemon [_thread_blocked, id=21616, stack(0x454e0000,0x45530000)]
  0x450d8400 JavaThread "Attach Listener" daemon [_thread_blocked, id=21620, stack(0x45330000,0x45380000)]
  0x450d4400 JavaThread "Signal Dispatcher" daemon [_thread_blocked, id=21736, stack(0x453b0000,0x45400000)]
  0x450b6c00 JavaThread "Finalizer" daemon [_thread_blocked, id=18748, stack(0x025c0000,0x02610000)]
  0x45091000 JavaThread "Reference Handler" daemon [_thread_blocked, id=22416, stack(0x00450000,0x004a0000)]
  0x0268c800 JavaThread "main" [_thread_blocked, id=21708, stack(0x02610000,0x02660000)]

Other Threads:
  0x4508ac00 VMThread [stack: 0x452d0000,0x45320000] [id=20484]
  0x450e1800 WatcherThread [stack: 0x45890000,0x458e0000] [id=20716]

VM state:not at safepoint (normal execution)

VM Mutex/Monitor currently owned by a thread: None

Heap:
 def new generation   total 4928K, used 3716K [0x04a00000, 0x04f50000, 0x19f50000)
  eden space 4416K,  84% used [0x04a00000, 0x04da1318, 0x04e50000)
  from space 512K,   0% used [0x04e50000, 0x04e50000, 0x04ed0000)
  to   space 512K,   0% used [0x04ed0000, 0x04ed0000, 0x04f50000)
 tenured generation   total 10944K, used 0K [0x19f50000, 0x1aa00000, 0x44a00000)
   the space 10944K,   0% used [0x19f50000, 0x19f50000, 0x19f50200, 0x1aa00000)
 Metaspace       used 2519K, capacity 2726K, committed 2752K, reserved 4480K

Card table byte_map: [0x44a00000,0x44c10000] byte_map_base: 0x449db000

Polling page: 0x001e0000

CodeCache: size=32768Kb used=764Kb max_used=764Kb free=32003Kb
 bounds [0x02870000, 0x02930000, 0x04870000]
 total_blobs=196 nmethods=51 adapters=76
 compilation: enabled

Compilation events (10 events):
Event: 0.192 Thread 0x450d9400   39             java.lang.String::<init> (82 bytes)
Event: 0.193 Thread 0x450d9400 nmethod 39 0x02922a48 code [0x02922b90, 0x02922da0]
Event: 0.193 Thread 0x450d9400   40  s!         sun.misc.URLClassPath::getLoader (197 bytes)
Event: 0.194 Thread 0x450d9400 nmethod 40 0x02922fc8 code [0x02923230, 0x02924368]
Event: 0.194 Thread 0x450d9400   41  s          sun.misc.URLClassPath::getNextLoader (88 bytes)
Event: 0.194 Thread 0x450d9400 nmethod 41 0x02925548 code [0x02925690, 0x02925a84]
Event: 0.194 Thread 0x450d9400   42             sun.misc.URLClassPath::getResource (83 bytes)
Event: 0.194 Thread 0x450d9400 nmethod 42 0x02925dc8 code [0x02925ef0, 0x02926014]
Event: 0.196 Thread 0x450d9400   43   !         sun.misc.URLClassPath$JarLoader::getResource (85 bytes)
Event: 0.197 Thread 0x450d9400 nmethod 43 0x02926108 code [0x02926290, 0x029266c0]

GC Heap History (0 events):
No events

Deoptimization events (0 events):
No events

Internal exceptions (2 events):
Event: 0.028 Thread 0x0268c800 Exception <a 'java/lang/NoSuchMethodError': Method sun.misc.Unsafe.defineClass(Ljava/lang/String;[BII)Ljava/lang/Class; name or signature does not match> (0x04a06e68) thrown at [C:\re\workspace\8-2-build-windows-i586-cygwin\jdk8u102\7268\hotspot\src\share\–3Qßù?
Event: 0.028 Thread 0x0268c800 Exception <a 'java/lang/NoSuchMethodError': Method sun.misc.Unsafe.prefetchRead(Ljava/lang/Object;J)V name or signature does not match> (0x04a07138) thrown at [C:\re\workspace\8-2-build-windows-i586-cygwin\jdk8u102\7268\hotspot\src\share\vm\prims\jni.cpp, 

Events (10 events):
Event: 0.213 loading class com/android/dx/dex/code/DalvCode$AssignIndicesCallback done
Event: 0.214 Thread 0x451e8400 Thread added: 0x451e8400
Event: 0.214 loading class com/android/dx/rop/code/TranslationAdvice
Event: 0.214 loading class com/android/dx/rop/code/TranslationAdvice done
Event: 0.214 loading class com/android/dx/dex/cf/OptimizerOptions
Event: 0.214 loading class com/android/dx/dex/cf/OptimizerOptions done
Event: 0.215 loading class com/android/dx/dex/file/ClassDefItem
Event: 0.215 loading class com/android/dx/dex/file/ClassDefItem done
Event: 0.215 loading class com/android/dx/util/Hex
Event: 0.215 loading class com/android/dx/util/Hex done


Dynamic libraries:
0x01070000 - 0x010a3000 	C:\Program Files (x86)\Java\jdk1.8.0_102\bin\java.exe
0x77230000 - 0x773b0000 	C:\windows\SysWOW64\ntdll.dll
0x74b90000 - 0x74ca0000 	C:\windows\syswow64\kernel32.dll
0x74a40000 - 0x74a87000 	C:\windows\syswow64\KERNELBASE.dll
0x75cb0000 - 0x75d51000 	C:\windows\syswow64\ADVAPI32.dll
0x76be0000 - 0x76c8c000 	C:\windows\syswow64\msvcrt.dll
0x76a20000 - 0x76a39000 	C:\windows\SysWOW64\sechost.dll
0x75d60000 - 0x75e50000 	C:\windows\syswow64\RPCRT4.dll
0x748a0000 - 0x74900000 	C:\windows\syswow64\SspiCli.dll
0x74890000 - 0x7489c000 	C:\windows\syswow64\CRYPTBASE.dll
0x762a0000 - 0x763a0000 	C:\windows\syswow64\USER32.dll
0x76630000 - 0x766c0000 	C:\windows\syswow64\GDI32.dll
0x75b90000 - 0x75b9a000 	C:\windows\syswow64\LPK.dll
0x75fc0000 - 0x7605d000 	C:\windows\syswow64\USP10.dll
0x6bb50000 - 0x6bcee000 	C:\windows\WinSxS\x86_microsoft.windows.common-controls_6595b64144ccf1df_6.0.7601.18837_none_41e855142bd5705d\COMCTL32.dll
0x76b80000 - 0x76bd7000 	C:\windows\syswow64\SHLWAPI.dll
0x763d0000 - 0x76430000 	C:\windows\system32\IMM32.DLL
0x76920000 - 0x769ec000 	C:\windows\syswow64\MSCTF.dll
0x5ca70000 - 0x5cb2f000 	C:\Program Files (x86)\Java\jdk1.8.0_102\jre\bin\msvcr100.dll
0x5c6a0000 - 0x5ca6d000 	C:\Program Files (x86)\Java\jdk1.8.0_102\jre\bin\client\jvm.dll
0x746e0000 - 0x746e7000 	C:\windows\system32\WSOCK32.dll
0x768b0000 - 0x768e5000 	C:\windows\syswow64\WS2_32.dll
0x77200000 - 0x77206000 	C:\windows\syswow64\NSI.dll
0x76250000 - 0x76282000 	C:\windows\syswow64\WINMM.dll
0x746f0000 - 0x746f9000 	C:\windows\system32\VERSION.dll
0x76290000 - 0x76295000 	C:\windows\syswow64\PSAPI.DLL
0x71db0000 - 0x71dbc000 	C:\Program Files (x86)\Java\jdk1.8.0_102\jre\bin\verify.dll
0x6f430000 - 0x6f451000 	C:\Program Files (x86)\Java\jdk1.8.0_102\jre\bin\java.dll
0x6f410000 - 0x6f423000 	C:\Program Files (x86)\Java\jdk1.8.0_102\jre\bin\zip.dll
0x74eb0000 - 0x75afb000 	C:\windows\syswow64\SHELL32.dll
0x76060000 - 0x761bc000 	C:\windows\syswow64\ole32.dll
0x74700000 - 0x7470b000 	C:\windows\system32\profapi.dll

VM Arguments:
jvm_args: -Djava.awt.headless=true -Xmx1024M -Dfile.encoding=GBK -Duser.country=CN -Duser.language=zh -Duser.variant 
java_command: com.android.dx.command.Main --dex --verbose --force-jumbo --num-threads=4 --multi-dex --output D:\Android\android-architecture-todo-mvp\android-architecture-todo-mvp\todoapp\app\build\intermediates\transforms\dex\mock\debug\folders\1000\10\com.android.support-support-core-utils-24.2_bf826878fe655356f0827ed107aa17746c8343ea D:\Android\android-architecture-todo-mvp\android-architecture-todo-mvp\todoapp\app\build\intermediates\transforms\newClassShrinker\mock\debug\folders\1\10\com.android.support-support-core-utils-24.2.0_2fa81cb21a40a43b425211f750fc4952e670b181
java_class_path (initial): D:\Android\sdk\build-tools\23.0.2\lib\dx.jar
Launcher Type: SUN_STANDARD

Environment Variables:
JAVA_HOME=C:\Program Files\Java\jdk1.8.0_92
PATH=D:\Android\sdk\platform-tools;D:\Android\sdk\tools;C:\ProgramData\Oracle\Java\javapath;C:\Program Files\Java\jdk1.8.0_92\bin;C:\windows\system32;C:\windows;C:\windows\System32\Wbem;C:\windows\System32\WindowsPowerShell\v1.0\;C:\Program Files (x86)\Intel\OpenCL SDK\2.0\bin\x86;C:\Program Files (x86)\Intel\OpenCL SDK\2.0\bin\x64;C:\Program Files (x86)\MySQL\MySQL Server 5.1\bin;C:\Program Files\Git\cmd;C:\Program Files\nodejs\;C:\Users\Administrator\AppData\Roaming\npm
USERNAME=Administrator
OS=Windows_NT
PROCESSOR_IDENTIFIER=Intel64 Family 6 Model 42 Stepping 7, GenuineIntel



---------------  S Y S T E M  ---------------

OS: Windows 7 , 64 bit Build 7601 (6.1.7601.19135)

CPU:total 4 (4 cores per cpu, 1 threads per core) family 6 model 42 stepping 7, cmov, cx8, fxsr, mmx, sse, sse2, sse3, ssse3, sse4.1, sse4.2, popcnt, avx, clmul, tsc, tscinvbit

Memory: 4k page, physical 6231040k(556536k free), swap 7277780k(32196k free)

vm_info: Java HotSpot(TM) Client VM (25.102-b14) for windows-x86 JRE (1.8.0_102-b14), built on Jun 22 2016 13:13:29 by "java_re" with MS VC++ 10.0 (VS2010)

time: Mon Oct 17 16:14:00 2016
elapsed time: 0 seconds (0d 0h 0m 0s)

