#
# There is insufficient memory for the Java Runtime Environment to continue.
# Native memory allocation (malloc) failed to allocate 32756 bytes for ChunkPool::allocate
# Possible reasons:
#   The system is out of physical RAM or swap space
#   In 32 bit mode, the process size limit was hit
# Possible solutions:
#   Reduce memory load on the system
#   Increase physical memory or swap space
#   Check if swap backing store is full
#   Use 64 bit Java on a 64 bit OS
#   Decrease Java heap size (-Xmx/-Xms)
#   Decrease number of Java threads
#   Decrease Java thread stack sizes (-Xss)
#   Set larger code cache with -XX:ReservedCodeCacheSize=
# This output file may be truncated or incomplete.
#
#  Out of Memory Error (allocation.cpp:273), pid=21672, tid=0x0000535c
#
# JRE version: Java(TM) SE Runtime Environment (8.0_102-b14) (build 1.8.0_102-b14)
# Java VM: Java HotSpot(TM) Client VM (25.102-b14 mixed mode windows-x86 )
# Failed to write core dump. Minidumps are not enabled by default on client versions of Windows
#

---------------  T H R E A D  ---------------

Current thread (0x45039400):  JavaThread "C1 CompilerThread0" daemon [_thread_in_native, id=21340, stack(0x451d0000,0x45220000)]

Stack: [0x451d0000,0x45220000],  sp=0x4521f1b8,  free space=316k
Native frames: (J=compiled Java code, j=interpreted, Vv=VM code, C=native code)
V  [jvm.dll+0x1a9dbb]
V  [jvm.dll+0x1a2598]
V  [jvm.dll+0x8c561]
V  [jvm.dll+0x8c73d]
V  [jvm.dll+0x8cbb7]
V  [jvm.dll+0xa45d4]
V  [jvm.dll+0x2bdbe7]
V  [jvm.dll+0x28d881]
V  [jvm.dll+0x28ef23]
V  [jvm.dll+0x29468a]
V  [jvm.dll+0x297126]
V  [jvm.dll+0x297849]
V  [jvm.dll+0x29836e]
V  [jvm.dll+0x298567]
V  [jvm.dll+0x294f72]
V  [jvm.dll+0x297156]
V  [jvm.dll+0x297b76]
V  [jvm.dll+0x29bb5d]
V  [jvm.dll+0x29bcab]
V  [jvm.dll+0x289312]
V  [jvm.dll+0x2894fb]
V  [jvm.dll+0x28964a]
V  [jvm.dll+0x2897b8]
V  [jvm.dll+0x289a32]
V  [jvm.dll+0x6ffca]
V  [jvm.dll+0x7077f]
V  [jvm.dll+0x17d210]
V  [jvm.dll+0x17da8a]
V  [jvm.dll+0x1c2506]
C  [msvcr100.dll+0x5c556]
C  [msvcr100.dll+0x5c600]
C  [kernel32.dll+0x1338a]
C  [ntdll.dll+0x39a02]
C  [ntdll.dll+0x399d5]
C  0x00000000


Current CompileTask:
C1:    182    5             java.util.TreeMap::fixAfterInsertion (267 bytes)


---------------  P R O C E S S  ---------------

Java Threads: ( => current thread )
  0x45061c00 JavaThread "Service Thread" daemon [_thread_blocked, id=21632, stack(0x45670000,0x456c0000)]
=>0x45039400 JavaThread "C1 CompilerThread0" daemon [_thread_in_native, id=21340, stack(0x451d0000,0x45220000)]
  0x45038400 JavaThread "Attach Listener" daemon [_thread_blocked, id=21564, stack(0x455c0000,0x45610000)]
  0x45034400 JavaThread "Signal Dispatcher" daemon [_thread_new, id=21852, stack(0x00000000,0x00000000)]
  0x45016c00 JavaThread "Finalizer" daemon [_thread_blocked, id=21648, stack(0x453d0000,0x45420000)]
  0x44ff1000 JavaThread "Reference Handler" daemon [_thread_blocked, id=21528, stack(0x45380000,0x453d0000)]
  0x025dc800 JavaThread "main" [_thread_in_native, id=20672, stack(0x01000000,0x01050000)]

Other Threads:
  0x44feac00 VMThread [stack: 0x45250000,0x452a0000] [id=20832]

VM state:not at safepoint (normal execution)

VM Mutex/Monitor currently owned by a thread: None

Heap:
 def new generation   total 4928K, used 619K [0x04800000, 0x04d50000, 0x19d50000)
  eden space 4416K,  14% used [0x04800000, 0x0489ae78, 0x04c50000)
  from space 512K,   0% used [0x04c50000, 0x04c50000, 0x04cd0000)
  to   space 512K,   0% used [0x04cd0000, 0x04cd0000, 0x04d50000)
 tenured generation   total 10944K, used 0K [0x19d50000, 0x1a800000, 0x44800000)
   the space 10944K,   0% used [0x19d50000, 0x19d50000, 0x19d50200, 0x1a800000)
 Metaspace       used 1514K, capacity 2240K, committed 2240K, reserved 4480K

Card table byte_map: [0x44800000,0x44a10000] byte_map_base: 0x447dc000

Polling page: 0x001b0000

CodeCache: size=32768Kb used=656Kb max_used=656Kb free=32111Kb
 bounds [0x02770000, 0x02818000, 0x04770000]
 total_blobs=140 nmethods=4 adapters=68
 compilation: enabled

Compilation events (9 events):
Event: 0.137 Thread 0x45039400    1             java.lang.String::hashCode (55 bytes)
Event: 0.137 Thread 0x45039400 nmethod 1 0x0280ee48 code [0x0280ef40, 0x0280f010]
Event: 0.169 Thread 0x45039400    2             java.lang.String::equals (81 bytes)
Event: 0.170 Thread 0x45039400 nmethod 2 0x02812f88 code [0x02813090, 0x02813210]
Event: 0.171 Thread 0x45039400    3             java.lang.String::indexOf (70 bytes)
Event: 0.171 Thread 0x45039400 nmethod 3 0x02813388 code [0x02813490, 0x028135bc]
Event: 0.172 Thread 0x45039400    4             java.util.TreeMap::put (247 bytes)
Event: 0.172 Thread 0x45039400 nmethod 4 0x028136c8 code [0x02813840, 0x02813ce8]
Event: 0.173 Thread 0x45039400    5             java.util.TreeMap::fixAfterInsertion (267 bytes)

GC Heap History (0 events):
No events

Deoptimization events (0 events):
No events

Internal exceptions (2 events):
Event: 0.041 Thread 0x025dc800 Exception <a 'java/lang/NoSuchMethodError': Method sun.misc.Unsafe.defineClass(Ljava/lang/String;[BII)Ljava/lang/Class; name or signature does not match> (0x04806e68) thrown at [C:\re\workspace\8-2-build-windows-i586-cygwin\jdk8u102\7268\hotspot\src\share\“ñbÙÃ	¥?
Event: 0.041 Thread 0x025dc800 Exception <a 'java/lang/NoSuchMethodError': Method sun.misc.Unsafe.prefetchRead(Ljava/lang/Object;J)V name or signature does not match> (0x04807138) thrown at [C:\re\workspace\8-2-build-windows-i586-cygwin\jdk8u102\7268\hotspot\src\share\vm\prims\jni.cpp, 

Events (10 events):
Event: 0.171 loading class java/util/HashMap$EntrySet
Event: 0.172 loading class java/util/HashMap$EntrySet done
Event: 0.172 loading class java/lang/ProcessEnvironment$CheckedEntrySet$1
Event: 0.172 loading class java/lang/ProcessEnvironment$CheckedEntrySet$1 done
Event: 0.172 loading class java/util/HashMap$EntryIterator
Event: 0.172 loading class java/util/HashMap$HashIterator
Event: 0.172 loading class java/util/HashMap$HashIterator done
Event: 0.172 loading class java/util/HashMap$EntryIterator done
Event: 0.172 loading class java/lang/ProcessEnvironment$CheckedEntry
Event: 0.172 loading class java/lang/ProcessEnvironment$CheckedEntry done


Dynamic libraries:
0x01070000 - 0x010a3000 	C:\Program Files (x86)\Java\jdk1.8.0_102\bin\java.exe
0x77230000 - 0x773b0000 	C:\windows\SysWOW64\ntdll.dll
0x74b90000 - 0x74ca0000 	C:\windows\syswow64\kernel32.dll
0x74a40000 - 0x74a87000 	C:\windows\syswow64\KERNELBASE.dll
0x75cb0000 - 0x75d51000 	C:\windows\syswow64\ADVAPI32.dll
0x76be0000 - 0x76c8c000 	C:\windows\syswow64\msvcrt.dll
0x76a20000 - 0x76a39000 	C:\windows\SysWOW64\sechost.dll
0x75d60000 - 0x75e50000 	C:\windows\syswow64\RPCRT4.dll
0x748a0000 - 0x74900000 	C:\windows\syswow64\SspiCli.dll
0x74890000 - 0x7489c000 	C:\windows\syswow64\CRYPTBASE.dll
0x762a0000 - 0x763a0000 	C:\windows\syswow64\USER32.dll
0x76630000 - 0x766c0000 	C:\windows\syswow64\GDI32.dll
0x75b90000 - 0x75b9a000 	C:\windows\syswow64\LPK.dll
0x75fc0000 - 0x7605d000 	C:\windows\syswow64\USP10.dll
0x6bb50000 - 0x6bcee000 	C:\windows\WinSxS\x86_microsoft.windows.common-controls_6595b64144ccf1df_6.0.7601.18837_none_41e855142bd5705d\COMCTL32.dll
0x76b80000 - 0x76bd7000 	C:\windows\syswow64\SHLWAPI.dll
0x763d0000 - 0x76430000 	C:\windows\system32\IMM32.DLL
0x76920000 - 0x769ec000 	C:\windows\syswow64\MSCTF.dll
0x5ca70000 - 0x5cb2f000 	C:\Program Files (x86)\Java\jdk1.8.0_102\jre\bin\msvcr100.dll
0x5c6a0000 - 0x5ca6d000 	C:\Program Files (x86)\Java\jdk1.8.0_102\jre\bin\client\jvm.dll
0x746e0000 - 0x746e7000 	C:\windows\system32\WSOCK32.dll
0x768b0000 - 0x768e5000 	C:\windows\syswow64\WS2_32.dll
0x77200000 - 0x77206000 	C:\windows\syswow64\NSI.dll
0x76250000 - 0x76282000 	C:\windows\syswow64\WINMM.dll
0x746f0000 - 0x746f9000 	C:\windows\system32\VERSION.dll
0x76290000 - 0x76295000 	C:\windows\syswow64\PSAPI.DLL
0x71db0000 - 0x71dbc000 	C:\Program Files (x86)\Java\jdk1.8.0_102\jre\bin\verify.dll
0x6f430000 - 0x6f451000 	C:\Program Files (x86)\Java\jdk1.8.0_102\jre\bin\java.dll
0x6f410000 - 0x6f423000 	C:\Program Files (x86)\Java\jdk1.8.0_102\jre\bin\zip.dll
0x74eb0000 - 0x75afb000 	C:\windows\syswow64\SHELL32.dll
0x76060000 - 0x761bc000 	C:\windows\syswow64\ole32.dll
0x74700000 - 0x7470b000 	C:\windows\system32\profapi.dll

VM Arguments:
jvm_args: -Djava.awt.headless=true -Xmx1024M -Dfile.encoding=GBK -Duser.country=CN -Duser.language=zh -Duser.variant 
java_command: com.android.dx.command.Main --dex --verbose --force-jumbo --num-threads=4 --multi-dex --output D:\Android\android-architecture-todo-mvp\android-architecture-todo-mvp\todoapp\app\build\intermediates\transforms\dex\mock\debug\folders\1000\10\com.android.support-animated-vector-drawable-24.2_f07a1f5fab9e845c1761ea90e3c92f4480d65ee8 D:\Android\android-architecture-todo-mvp\android-architecture-todo-mvp\todoapp\app\build\intermediates\transforms\newClassShrinker\mock\debug\folders\1\10\com.android.support-animated-vector-drawable-24.2.0_4927eedb85171bb13f75ebefcd7e41b5190332d4
java_class_path (initial): D:\Android\sdk\build-tools\23.0.2\lib\dx.jar
Launcher Type: SUN_STANDARD

Environment Variables:
JAVA_HOME=C:\Program Files\Java\jdk1.8.0_92
PATH=D:\Android\sdk\platform-tools;D:\Android\sdk\tools;C:\ProgramData\Oracle\Java\javapath;C:\Program Files\Java\jdk1.8.0_92\bin;C:\windows\system32;C:\windows;C:\windows\System32\Wbem;C:\windows\System32\WindowsPowerShell\v1.0\;C:\Program Files (x86)\Intel\OpenCL SDK\2.0\bin\x86;C:\Program Files (x86)\Intel\OpenCL SDK\2.0\bin\x64;C:\Program Files (x86)\MySQL\MySQL Server 5.1\bin;C:\Program Files\Git\cmd;C:\Program Files\nodejs\;C:\Users\Administrator\AppData\Roaming\npm
USERNAME=Administrator
OS=Windows_NT
PROCESSOR_IDENTIFIER=Intel64 Family 6 Model 42 Stepping 7, GenuineIntel



---------------  S Y S T E M  ---------------

OS: Windows 7 , 64 bit Build 7601 (6.1.7601.19135)

CPU:total 4 (4 cores per cpu, 1 threads per core) family 6 model 42 stepping 7, cmov, cx8, fxsr, mmx, sse, sse2, sse3, ssse3, sse4.1, sse4.2, popcnt, avx, clmul, tsc, tscinvbit

Memory: 4k page, physical 6231040k(551604k free), swap 7277780k(4420k free)

vm_info: Java HotSpot(TM) Client VM (25.102-b14) for windows-x86 JRE (1.8.0_102-b14), built on Jun 22 2016 13:13:29 by "java_re" with MS VC++ 10.0 (VS2010)

time: Mon Oct 17 16:14:00 2016
elapsed time: 0 seconds (0d 0h 0m 0s)

