#
# There is insufficient memory for the Java Runtime Environment to continue.
# Native memory allocation (malloc) failed to allocate 32756 bytes for ChunkPool::allocate
# Possible reasons:
#   The system is out of physical RAM or swap space
#   In 32 bit mode, the process size limit was hit
# Possible solutions:
#   Reduce memory load on the system
#   Increase physical memory or swap space
#   Check if swap backing store is full
#   Use 64 bit Java on a 64 bit OS
#   Decrease Java heap size (-Xmx/-Xms)
#   Decrease number of Java threads
#   Decrease Java thread stack sizes (-Xss)
#   Set larger code cache with -XX:ReservedCodeCacheSize=
# This output file may be truncated or incomplete.
#
#  Out of Memory Error (allocation.cpp:273), pid=17700, tid=0x00005368
#
# JRE version:  (8.0_102-b14) (build )
# Java VM: Java HotSpot(TM) Client VM (25.102-b14 mixed mode windows-x86 )
# Failed to write core dump. Minidumps are not enabled by default on client versions of Windows
#

---------------  T H R E A D  ---------------

Current thread (0x00e9c800):  JavaThread "main" [_thread_in_vm, id=21352, stack(0x00570000,0x005c0000)]

Stack: [0x00570000,0x005c0000],  sp=0x005bd424,  free space=309k
Native frames: (J=compiled Java code, j=interpreted, Vv=VM code, C=native code)
V  [jvm.dll+0x1a9dbb]
V  [jvm.dll+0x1a2598]
V  [jvm.dll+0x8c561]
V  [jvm.dll+0x8c73d]
V  [jvm.dll+0x8cbb7]
V  [jvm.dll+0xa45d4]
V  [jvm.dll+0x1a39e9]
V  [jvm.dll+0x1b5f94]
V  [jvm.dll+0x40007]
V  [jvm.dll+0x4009b]
V  [jvm.dll+0x40595]
V  [jvm.dll+0x3a1a0]
V  [jvm.dll+0x3b686]
V  [jvm.dll+0x5049f]
V  [jvm.dll+0x50b7a]
V  [jvm.dll+0x51dc0]
V  [jvm.dll+0x4e82a]
V  [jvm.dll+0x39ca9]
V  [jvm.dll+0x3b686]
V  [jvm.dll+0x5049f]
V  [jvm.dll+0x50b7a]
V  [jvm.dll+0x51d8d]
V  [jvm.dll+0x51e0a]
V  [jvm.dll+0x166376]
V  [jvm.dll+0x1664be]
V  [jvm.dll+0x10c10e]
j  java.lang.Class.getDeclaredFields0(Z)[Ljava/lang/reflect/Field;+0
j  java.lang.Class.access$100(Ljava/lang/Class;Z)[Ljava/lang/reflect/Field;+2
j  java.lang.Class$Atomic.<clinit>()V+9
v  ~StubRoutines::call_stub
V  [jvm.dll+0x15a6e5]
V  [jvm.dll+0x2204fe]
V  [jvm.dll+0x15a77e]
V  [jvm.dll+0xbfe1b]
V  [jvm.dll+0xc0fd7]
V  [jvm.dll+0xc1128]
V  [jvm.dll+0x84c86]
V  [jvm.dll+0x85c82]
V  [jvm.dll+0x81237]
j  java.lang.Class.newReflectionData(Ljava/lang/ref/SoftReference;I)Ljava/lang/Class$ReflectionData;+27
j  java.lang.Class.reflectionData()Ljava/lang/Class$ReflectionData;+45
j  java.lang.Class.privateGetDeclaredFields(Z)[Ljava/lang/reflect/Field;+4
j  java.lang.Class.getDeclaredField(Ljava/lang/String;)Ljava/lang/reflect/Field;+11
j  java.util.concurrent.atomic.AtomicInteger.<clinit>()V+13
v  ~StubRoutines::call_stub
V  [jvm.dll+0x15a6e5]
V  [jvm.dll+0x2204fe]
V  [jvm.dll+0x15a77e]
V  [jvm.dll+0xbfe1b]
V  [jvm.dll+0xc0fd7]
V  [jvm.dll+0xc1128]
V  [jvm.dll+0x80ab1]
j  java.lang.ThreadLocal.<clinit>()V+0
v  ~StubRoutines::call_stub
V  [jvm.dll+0x15a6e5]
V  [jvm.dll+0x2204fe]
V  [jvm.dll+0x15a77e]
V  [jvm.dll+0xbfe1b]
V  [jvm.dll+0xc0fd7]
V  [jvm.dll+0xc1128]
V  [jvm.dll+0x80ab1]
j  java.nio.charset.Charset.<clinit>()V+22
v  ~StubRoutines::call_stub
V  [jvm.dll+0x15a6e5]
V  [jvm.dll+0x2204fe]
V  [jvm.dll+0x15a77e]
V  [jvm.dll+0xbfe1b]
V  [jvm.dll+0xc0fd7]
V  [jvm.dll+0xc1128]
V  [jvm.dll+0xfc06c]
V  [jvm.dll+0xd56c3]
C  [java.dll+0xb4a4]
C  [java.dll+0xbd66]
C  [java.dll+0xc84e]
C  0x00000009

Java frames: (J=compiled Java code, j=interpreted, Vv=VM code)
j  java.lang.Class.getDeclaredFields0(Z)[Ljava/lang/reflect/Field;+0
j  java.lang.Class.access$100(Ljava/lang/Class;Z)[Ljava/lang/reflect/Field;+2
j  java.lang.Class$Atomic.<clinit>()V+9
v  ~StubRoutines::call_stub
j  java.lang.Class.newReflectionData(Ljava/lang/ref/SoftReference;I)Ljava/lang/Class$ReflectionData;+27
j  java.lang.Class.reflectionData()Ljava/lang/Class$ReflectionData;+45
j  java.lang.Class.privateGetDeclaredFields(Z)[Ljava/lang/reflect/Field;+4
j  java.lang.Class.getDeclaredField(Ljava/lang/String;)Ljava/lang/reflect/Field;+11
j  java.util.concurrent.atomic.AtomicInteger.<clinit>()V+13
v  ~StubRoutines::call_stub
j  java.lang.ThreadLocal.<clinit>()V+0
v  ~StubRoutines::call_stub
j  java.nio.charset.Charset.<clinit>()V+22
v  ~StubRoutines::call_stub
j  java.lang.System.initProperties(Ljava/util/Properties;)Ljava/util/Properties;+0
j  java.lang.System.initializeSystemClass()V+13
v  ~StubRoutines::call_stub

---------------  P R O C E S S  ---------------

Java Threads: ( => current thread )
  0x450b6c00 JavaThread "Finalizer" daemon [_thread_blocked, id=22184, stack(0x00e40000,0x00e90000)]
  0x45091000 JavaThread "Reference Handler" daemon [_thread_blocked, id=21988, stack(0x04980000,0x049d0000)]
=>0x00e9c800 JavaThread "main" [_thread_in_vm, id=21352, stack(0x00570000,0x005c0000)]

Other Threads:
  0x4508ac00 VMThread [stack: 0x452d0000,0x45320000] [id=22304]

VM state:not at safepoint (normal execution)

VM Mutex/Monitor currently owned by a thread: None

Heap:
 def new generation   total 4928K, used 88K [0x04a00000, 0x04f50000, 0x19f50000)
  eden space 4416K,   2% used [0x04a00000, 0x04a16158, 0x04e50000)
  from space 512K,   0% used [0x04e50000, 0x04e50000, 0x04ed0000)
  to   space 512K,   0% used [0x04ed0000, 0x04ed0000, 0x04f50000)
 tenured generation   total 10944K, used 0K [0x19f50000, 0x1aa00000, 0x44a00000)
   the space 10944K,   0% used [0x19f50000, 0x19f50000, 0x19f50200, 0x1aa00000)
 Metaspace       used 789K, capacity 2240K, committed 2240K, reserved 4480K

Card table byte_map: [0x44a00000,0x44c10000] byte_map_base: 0x449db000

Polling page: 0x00150000

CodeCache: size=32768Kb used=334Kb max_used=334Kb free=32433Kb
 bounds [0x028b0000, 0x02908000, 0x048b0000]
 total_blobs=69 nmethods=0 adapters=46
 compilation: enabled

Compilation events (0 events):
No events

GC Heap History (0 events):
No events

Deoptimization events (0 events):
No events

Internal exceptions (2 events):
Event: 0.035 Thread 0x00e9c800 Exception <a 'java/lang/NoSuchMethodError': Method sun.misc.Unsafe.defineClass(Ljava/lang/String;[BII)Ljava/lang/Class; name or signature does not match> (0x04a06e68) thrown at [C:\re\workspace\8-2-build-windows-i586-cygwin\jdk8u102\7268\hotspot\src\share\•’W(¢?
Event: 0.035 Thread 0x00e9c800 Exception <a 'java/lang/NoSuchMethodError': Method sun.misc.Unsafe.prefetchRead(Ljava/lang/Object;J)V name or signature does not match> (0x04a07138) thrown at [C:\re\workspace\8-2-build-windows-i586-cygwin\jdk8u102\7268\hotspot\src\share\vm\prims\jni.cpp, 

Events (10 events):
Event: 0.045 loading class sun/reflect/generics/repository/AbstractRepository
Event: 0.045 loading class sun/reflect/generics/repository/AbstractRepository done
Event: 0.045 loading class sun/reflect/generics/repository/GenericDeclRepository done
Event: 0.045 loading class sun/reflect/generics/repository/ClassRepository done
Event: 0.045 loading class java/lang/Class$AnnotationData
Event: 0.045 loading class java/lang/Class$AnnotationData done
Event: 0.045 loading class sun/reflect/annotation/AnnotationType
Event: 0.046 loading class sun/reflect/annotation/AnnotationType done
Event: 0.046 loading class java/lang/ClassValue$ClassValueMap
Event: 0.046 loading class java/util/WeakHashMap


Dynamic libraries:
0x01070000 - 0x010a3000 	C:\Program Files (x86)\Java\jdk1.8.0_102\bin\java.exe
0x77230000 - 0x773b0000 	C:\windows\SysWOW64\ntdll.dll
0x74b90000 - 0x74ca0000 	C:\windows\syswow64\kernel32.dll
0x74a40000 - 0x74a87000 	C:\windows\syswow64\KERNELBASE.dll
0x75cb0000 - 0x75d51000 	C:\windows\syswow64\ADVAPI32.dll
0x76be0000 - 0x76c8c000 	C:\windows\syswow64\msvcrt.dll
0x76a20000 - 0x76a39000 	C:\windows\SysWOW64\sechost.dll
0x75d60000 - 0x75e50000 	C:\windows\syswow64\RPCRT4.dll
0x748a0000 - 0x74900000 	C:\windows\syswow64\SspiCli.dll
0x74890000 - 0x7489c000 	C:\windows\syswow64\CRYPTBASE.dll
0x762a0000 - 0x763a0000 	C:\windows\syswow64\USER32.dll
0x76630000 - 0x766c0000 	C:\windows\syswow64\GDI32.dll
0x75b90000 - 0x75b9a000 	C:\windows\syswow64\LPK.dll
0x75fc0000 - 0x7605d000 	C:\windows\syswow64\USP10.dll
0x6bb50000 - 0x6bcee000 	C:\windows\WinSxS\x86_microsoft.windows.common-controls_6595b64144ccf1df_6.0.7601.18837_none_41e855142bd5705d\COMCTL32.dll
0x76b80000 - 0x76bd7000 	C:\windows\syswow64\SHLWAPI.dll
0x763d0000 - 0x76430000 	C:\windows\system32\IMM32.DLL
0x76920000 - 0x769ec000 	C:\windows\syswow64\MSCTF.dll
0x5ca70000 - 0x5cb2f000 	C:\Program Files (x86)\Java\jdk1.8.0_102\jre\bin\msvcr100.dll
0x5c6a0000 - 0x5ca6d000 	C:\Program Files (x86)\Java\jdk1.8.0_102\jre\bin\client\jvm.dll
0x746e0000 - 0x746e7000 	C:\windows\system32\WSOCK32.dll
0x768b0000 - 0x768e5000 	C:\windows\syswow64\WS2_32.dll
0x77200000 - 0x77206000 	C:\windows\syswow64\NSI.dll
0x76250000 - 0x76282000 	C:\windows\syswow64\WINMM.dll
0x746f0000 - 0x746f9000 	C:\windows\system32\VERSION.dll
0x76290000 - 0x76295000 	C:\windows\syswow64\PSAPI.DLL
0x71db0000 - 0x71dbc000 	C:\Program Files (x86)\Java\jdk1.8.0_102\jre\bin\verify.dll
0x6f430000 - 0x6f451000 	C:\Program Files (x86)\Java\jdk1.8.0_102\jre\bin\java.dll
0x6f410000 - 0x6f423000 	C:\Program Files (x86)\Java\jdk1.8.0_102\jre\bin\zip.dll
0x74eb0000 - 0x75afb000 	C:\windows\syswow64\SHELL32.dll
0x76060000 - 0x761bc000 	C:\windows\syswow64\ole32.dll
0x74700000 - 0x7470b000 	C:\windows\system32\profapi.dll

VM Arguments:
jvm_args: -Djava.awt.headless=true -Xmx1024M -Dfile.encoding=GBK -Duser.country=CN -Duser.language=zh -Duser.variant 
java_command: com.android.dx.command.Main --dex --verbose --force-jumbo --num-threads=4 --multi-dex --output D:\Android\android-architecture-todo-mvp\android-architecture-todo-mvp\todoapp\app\build\intermediates\transforms\dex\mock\debug\folders\1000\10\com.android.support-recyclerview-v7-24.2_ed7c69534fc720609ab5e3964926ce386f4069bc D:\Android\android-architecture-todo-mvp\android-architecture-todo-mvp\todoapp\app\build\intermediates\transforms\newClassShrinker\mock\debug\folders\1\10\com.android.support-recyclerview-v7-24.2.0_f6b204c7f7e094f95b2feebe4c15164f214fa96e
java_class_path (initial): D:\Android\sdk\build-tools\23.0.2\lib\dx.jar
Launcher Type: SUN_STANDARD

Environment Variables:
JAVA_HOME=C:\Program Files\Java\jdk1.8.0_92
PATH=D:\Android\sdk\platform-tools;D:\Android\sdk\tools;C:\ProgramData\Oracle\Java\javapath;C:\Program Files\Java\jdk1.8.0_92\bin;C:\windows\system32;C:\windows;C:\windows\System32\Wbem;C:\windows\System32\WindowsPowerShell\v1.0\;C:\Program Files (x86)\Intel\OpenCL SDK\2.0\bin\x86;C:\Program Files (x86)\Intel\OpenCL SDK\2.0\bin\x64;C:\Program Files (x86)\MySQL\MySQL Server 5.1\bin;C:\Program Files\Git\cmd;C:\Program Files\nodejs\;C:\Users\Administrator\AppData\Roaming\npm
USERNAME=Administrator
OS=Windows_NT
PROCESSOR_IDENTIFIER=Intel64 Family 6 Model 42 Stepping 7, GenuineIntel



---------------  S Y S T E M  ---------------

OS: Windows 7 , 64 bit Build 7601 (6.1.7601.19135)

CPU:total 4 (4 cores per cpu, 1 threads per core) family 6 model 42 stepping 7, cmov, cx8, fxsr, mmx, sse, sse2, sse3, ssse3, sse4.1, sse4.2, popcnt, avx, clmul, tsc, tscinvbit

Memory: 4k page, physical 6231040k(552192k free), swap 7277780k(5260k free)

vm_info: Java HotSpot(TM) Client VM (25.102-b14) for windows-x86 JRE (1.8.0_102-b14), built on Jun 22 2016 13:13:29 by "java_re" with MS VC++ 10.0 (VS2010)

time: Mon Oct 17 16:14:00 2016
elapsed time: 0 seconds (0d 0h 0m 0s)

